<?xml version="1.0" encoding="UTF-8"?>
<!-- Generated by org.testng.reporters.JUnitXMLReporter -->
<testsuite ignored="2" hostname="DESKTOP-9434J20" failures="0" tests="1" name="Test1" time="0.355" errors="0" timestamp="2023-06-19T13:41:30 IST">
  <testcase classname="com.eva.vtigerAutomation.TestCaseLayer.TestCaseLayer1" name="verifyLeadsCreation" time="0.0">
    <skipped/>
  </testcase> <!-- verifyLeadsCreation -->
  <testcase classname="com.eva.vtigerAutomation.TestCaseLayer.TestCaseLayer1" name="verifyLeadsDeletion" time="0.0">
    <ignored/>
  </testcase> <!-- verifyLeadsDeletion -->
  <testcase classname="com.eva.vtigerAutomation.TestCaseLayer.TestCaseLayer1" name="verifyLeadsEdition" time="0.0">
    <ignored/>
  </testcase> <!-- verifyLeadsEdition -->
</testsuite> <!-- Test1 -->
