<?xml version="1.0" encoding="UTF-8"?>
<!-- Generated by org.testng.reporters.JUnitXMLReporter -->
<testsuite ignored="0" hostname="DESKTOP-9434J20" failures="1" tests="4" name="Test" time="0.114" errors="0" timestamp="2023-06-29T22:25:14 IST">
  <testcase classname="com.eva.vtigerAutomation.listener.ListenerPracticse" name="testCase001" time="0.021">
    <skipped/>
  </testcase> <!-- testCase001 -->
  <testcase classname="com.eva.vtigerAutomation.listener.ListenerPracticse" name="testCase001" time="0.002">
    <skipped/>
  </testcase> <!-- testCase001 -->
  <testcase classname="com.eva.vtigerAutomation.listener.ListenerPracticse" name="testCase001" time="0.002">
    <skipped/>
  </testcase> <!-- testCase001 -->
  <testcase classname="com.eva.vtigerAutomation.listener.ListenerPracticse" name="testCase001" time="0.002">
    <failure type="java.lang.AssertionError" message="expected [true] but found [false]">
      <![CDATA[java.lang.AssertionError: expected [true] but found [false]
at com.eva.vtigerAutomation.listener.ListenerPracticse.testCase001(ListenerPracticse.java:11)
at java.base/java.util.ArrayList.forEach(ArrayList.java:1511)
... Removed 34 stack frames]]>
    </failure>
  </testcase> <!-- testCase001 -->
</testsuite> <!-- Test -->
