<?xml version="1.0" encoding="UTF-8"?>
<!-- Generated by org.testng.reporters.JUnitXMLReporter -->
<testsuite ignored="0" hostname="DESKTOP-9434J20" failures="1" tests="1" name="Test11" time="4.922" errors="0" timestamp="2023-09-09T13:57:08 IST">
  <testcase classname="com.eva.vtigerAutomation.TestCaseLayer.TestCaseLayer1" name="verifyLeadsCreation" time="0.0">
    <failure type="org.testng.TestNGException" message="
Method public void com.eva.vtigerAutomation.TestCaseLayer.TestCaseLayer1.verifyLeadsCreation(java.lang.Object) requires a @DataProvider named : getValue">
      <![CDATA[org.testng.TestNGException: 
Method public void com.eva.vtigerAutomation.TestCaseLayer.TestCaseLayer1.verifyLeadsCreation(java.lang.Object) requires a @DataProvider named : getValue
at java.base/java.util.ArrayList.forEach(ArrayList.java:1511)
... Removed 24 stack frames]]>
    </failure>
  </testcase> <!-- verifyLeadsCreation -->
</testsuite> <!-- Test11 -->
